This file contains any messages produced by compilers while
running configure, to aid debugging if configure makes a mistake.

It was created by getdns_sysmodule configure 0.1, which was
generated by GNU Autoconf 2.69.  Invocation command line was

  $ ./configure 

## --------- ##
## Platform. ##
## --------- ##

hostname = gmadkat-OptiPlex-960
uname -m = x86_64
uname -r = 3.13.0-53-generic
uname -s = Linux
uname -v = #89-Ubuntu SMP Wed May 20 10:34:39 UTC 2015

/usr/bin/uname -p = unknown
/bin/uname -X     = unknown

/bin/arch              = unknown
/usr/bin/arch -k       = unknown
/usr/convex/getsysinfo = unknown
/usr/bin/hostinfo      = unknown
/bin/machine           = unknown
/usr/bin/oslevel       = unknown
/bin/universe          = unknown

PATH: /usr/local/sbin
PATH: /usr/local/bin
PATH: /usr/sbin
PATH: /usr/bin
PATH: /sbin
PATH: /bin
PATH: /usr/games
PATH: /usr/local/games


## ----------- ##
## Core tests. ##
## ----------- ##

configure:2352: checking for gcc
configure:2368: found /usr/bin/gcc
configure:2379: result: gcc
configure:2608: checking for C compiler version
configure:2617: gcc --version >&5
gcc (Ubuntu 4.8.4-2ubuntu1~14.04) 4.8.4
Copyright (C) 2013 Free Software Foundation, Inc.
This is free software; see the source for copying conditions.  There is NO
warranty; not even for MERCHANTABILITY or FITNESS FOR A PARTICULAR PURPOSE.

configure:2628: $? = 0
configure:2617: gcc -v >&5
Using built-in specs.
COLLECT_GCC=gcc
COLLECT_LTO_WRAPPER=/usr/lib/gcc/x86_64-linux-gnu/4.8/lto-wrapper
Target: x86_64-linux-gnu
Configured with: ../src/configure -v --with-pkgversion='Ubuntu 4.8.4-2ubuntu1~14.04' --with-bugurl=file:///usr/share/doc/gcc-4.8/README.Bugs --enable-languages=c,c++,java,go,d,fortran,objc,obj-c++ --prefix=/usr --program-suffix=-4.8 --enable-shared --enable-linker-build-id --libexecdir=/usr/lib --without-included-gettext --enable-threads=posix --with-gxx-include-dir=/usr/include/c++/4.8 --libdir=/usr/lib --enable-nls --with-sysroot=/ --enable-clocale=gnu --enable-libstdcxx-debug --enable-libstdcxx-time=yes --enable-gnu-unique-object --disable-libmudflap --enable-plugin --with-system-zlib --disable-browser-plugin --enable-java-awt=gtk --enable-gtk-cairo --with-java-home=/usr/lib/jvm/java-1.5.0-gcj-4.8-amd64/jre --enable-java-home --with-jvm-root-dir=/usr/lib/jvm/java-1.5.0-gcj-4.8-amd64 --with-jvm-jar-dir=/usr/lib/jvm-exports/java-1.5.0-gcj-4.8-amd64 --with-arch-directory=amd64 --with-ecj-jar=/usr/share/java/eclipse-ecj.jar --enable-objc-gc --enable-multiarch --disable-werror --with-arch-32=i686 --with-abi=m64 --with-multilib-list=m32,m64,mx32 --with-tune=generic --enable-checking=release --build=x86_64-linux-gnu --host=x86_64-linux-gnu --target=x86_64-linux-gnu
Thread model: posix
gcc version 4.8.4 (Ubuntu 4.8.4-2ubuntu1~14.04) 
configure:2628: $? = 0
configure:2617: gcc -V >&5
gcc: error: unrecognized command line option '-V'
gcc: fatal error: no input files
compilation terminated.
configure:2628: $? = 4
configure:2617: gcc -qversion >&5
gcc: error: unrecognized command line option '-qversion'
gcc: fatal error: no input files
compilation terminated.
configure:2628: $? = 4
configure:2648: checking whether the C compiler works
configure:2670: gcc    conftest.c  >&5
configure:2674: $? = 0
configure:2722: result: yes
configure:2725: checking for C compiler default output file name
configure:2727: result: a.out
configure:2733: checking for suffix of executables
configure:2740: gcc -o conftest    conftest.c  >&5
configure:2744: $? = 0
configure:2766: result: 
configure:2788: checking whether we are cross compiling
configure:2796: gcc -o conftest    conftest.c  >&5
configure:2800: $? = 0
configure:2807: ./conftest
configure:2811: $? = 0
configure:2826: result: no
configure:2831: checking for suffix of object files
configure:2853: gcc -c   conftest.c >&5
configure:2857: $? = 0
configure:2878: result: o
configure:2882: checking whether we are using the GNU C compiler
configure:2901: gcc -c   conftest.c >&5
configure:2901: $? = 0
configure:2910: result: yes
configure:2919: checking whether gcc accepts -g
configure:2939: gcc -c -g  conftest.c >&5
configure:2939: $? = 0
configure:2980: result: yes
configure:2997: checking for gcc option to accept ISO C89
configure:3060: gcc  -c -g -O2  conftest.c >&5
configure:3060: $? = 0
configure:3073: result: none needed
configure:3136: checking for a BSD-compatible install
configure:3204: result: /usr/bin/install -c
configure:3215: checking whether ln -s works
configure:3219: result: yes
configure:3229: checking for getdns_context_create in -lgetdns
configure:3254: gcc -o conftest -g -O2   conftest.c -lgetdns   >&5
configure:3254: $? = 0
configure:3263: result: yes
configure:3284: checking for sys/types.h
configure:3284: gcc -c -g -O2  conftest.c >&5
configure:3284: $? = 0
configure:3284: result: yes
configure:3284: checking for netinet/in.h
configure:3284: gcc -c -g -O2  conftest.c >&5
configure:3284: $? = 0
configure:3284: result: yes
configure:3284: checking for arpa/nameser.h
configure:3284: gcc -c -g -O2  conftest.c >&5
configure:3284: $? = 0
configure:3284: result: yes
configure:3284: checking for netdb.h
configure:3284: gcc -c -g -O2  conftest.c >&5
configure:3284: $? = 0
configure:3284: result: yes
configure:3284: checking for resolv.h
configure:3284: gcc -c -g -O2  conftest.c >&5
configure:3284: $? = 0
configure:3284: result: yes
configure:3312: checking how to run the C preprocessor
configure:3343: gcc -E  conftest.c
configure:3343: $? = 0
configure:3357: gcc -E  conftest.c
conftest.c:15:28: fatal error: ac_nonexistent.h: No such file or directory
 #include <ac_nonexistent.h>
                            ^
compilation terminated.
configure:3357: $? = 1
configure: failed program was:
| /* confdefs.h */
| #define PACKAGE_NAME "getdns_sysmodule"
| #define PACKAGE_TARNAME "getdns_sysmodule"
| #define PACKAGE_VERSION "0.1"
| #define PACKAGE_STRING "getdns_sysmodule 0.1"
| #define PACKAGE_BUGREPORT "stubresolver@getdnsapi.net"
| #define PACKAGE_URL ""
| #define HAVE_LIBGETDNS 1
| #define HAVE_SYS_TYPES_H 1
| #define HAVE_NETINET_IN_H 1
| #define HAVE_ARPA_NAMESER_H 1
| #define HAVE_NETDB_H 1
| #define HAVE_RESOLV_H 1
| /* end confdefs.h.  */
| #include <ac_nonexistent.h>
configure:3382: result: gcc -E
configure:3402: gcc -E  conftest.c
configure:3402: $? = 0
configure:3416: gcc -E  conftest.c
conftest.c:15:28: fatal error: ac_nonexistent.h: No such file or directory
 #include <ac_nonexistent.h>
                            ^
compilation terminated.
configure:3416: $? = 1
configure: failed program was:
| /* confdefs.h */
| #define PACKAGE_NAME "getdns_sysmodule"
| #define PACKAGE_TARNAME "getdns_sysmodule"
| #define PACKAGE_VERSION "0.1"
| #define PACKAGE_STRING "getdns_sysmodule 0.1"
| #define PACKAGE_BUGREPORT "stubresolver@getdnsapi.net"
| #define PACKAGE_URL ""
| #define HAVE_LIBGETDNS 1
| #define HAVE_SYS_TYPES_H 1
| #define HAVE_NETINET_IN_H 1
| #define HAVE_ARPA_NAMESER_H 1
| #define HAVE_NETDB_H 1
| #define HAVE_RESOLV_H 1
| /* end confdefs.h.  */
| #include <ac_nonexistent.h>
configure:3445: checking for grep that handles long lines and -e
configure:3503: result: /bin/grep
configure:3508: checking for egrep
configure:3570: result: /bin/grep -E
configure:3575: checking for ANSI C header files
configure:3595: gcc -c -g -O2  conftest.c >&5
configure:3595: $? = 0
configure:3668: gcc -o conftest -g -O2   conftest.c -lgetdns  >&5
configure:3668: $? = 0
configure:3668: ./conftest
configure:3668: $? = 0
configure:3679: result: yes
configure:3692: checking for sys/types.h
configure:3692: result: yes
configure:3692: checking for sys/stat.h
configure:3692: gcc -c -g -O2  conftest.c >&5
configure:3692: $? = 0
configure:3692: result: yes
configure:3692: checking for stdlib.h
configure:3692: gcc -c -g -O2  conftest.c >&5
configure:3692: $? = 0
configure:3692: result: yes
configure:3692: checking for string.h
configure:3692: gcc -c -g -O2  conftest.c >&5
configure:3692: $? = 0
configure:3692: result: yes
configure:3692: checking for memory.h
configure:3692: gcc -c -g -O2  conftest.c >&5
configure:3692: $? = 0
configure:3692: result: yes
configure:3692: checking for strings.h
configure:3692: gcc -c -g -O2  conftest.c >&5
configure:3692: $? = 0
configure:3692: result: yes
configure:3692: checking for inttypes.h
configure:3692: gcc -c -g -O2  conftest.c >&5
configure:3692: $? = 0
configure:3692: result: yes
configure:3692: checking for stdint.h
configure:3692: gcc -c -g -O2  conftest.c >&5
configure:3692: $? = 0
configure:3692: result: yes
configure:3692: checking for unistd.h
configure:3692: gcc -c -g -O2  conftest.c >&5
configure:3692: $? = 0
configure:3692: result: yes
configure:3707: checking nss.h usability
configure:3707: gcc -c -g -O2  conftest.c >&5
configure:3707: $? = 0
configure:3707: result: yes
configure:3707: checking nss.h presence
configure:3707: gcc -E  conftest.c
configure:3707: $? = 0
configure:3707: result: yes
configure:3707: checking for nss.h
configure:3707: result: yes
configure:3707: checking nsswitch.h usability
configure:3707: gcc -c -g -O2  conftest.c >&5
conftest.c:59:22: fatal error: nsswitch.h: No such file or directory
 #include <nsswitch.h>
                      ^
compilation terminated.
configure:3707: $? = 1
configure: failed program was:
| /* confdefs.h */
| #define PACKAGE_NAME "getdns_sysmodule"
| #define PACKAGE_TARNAME "getdns_sysmodule"
| #define PACKAGE_VERSION "0.1"
| #define PACKAGE_STRING "getdns_sysmodule 0.1"
| #define PACKAGE_BUGREPORT "stubresolver@getdnsapi.net"
| #define PACKAGE_URL ""
| #define HAVE_LIBGETDNS 1
| #define HAVE_SYS_TYPES_H 1
| #define HAVE_NETINET_IN_H 1
| #define HAVE_ARPA_NAMESER_H 1
| #define HAVE_NETDB_H 1
| #define HAVE_RESOLV_H 1
| #define STDC_HEADERS 1
| #define HAVE_SYS_TYPES_H 1
| #define HAVE_SYS_STAT_H 1
| #define HAVE_STDLIB_H 1
| #define HAVE_STRING_H 1
| #define HAVE_MEMORY_H 1
| #define HAVE_STRINGS_H 1
| #define HAVE_INTTYPES_H 1
| #define HAVE_STDINT_H 1
| #define HAVE_UNISTD_H 1
| #define HAVE_NSS_H 1
| /* end confdefs.h.  */
| #include <stdio.h>
| #ifdef HAVE_SYS_TYPES_H
| # include <sys/types.h>
| #endif
| #ifdef HAVE_SYS_STAT_H
| # include <sys/stat.h>
| #endif
| #ifdef STDC_HEADERS
| # include <stdlib.h>
| # include <stddef.h>
| #else
| # ifdef HAVE_STDLIB_H
| #  include <stdlib.h>
| # endif
| #endif
| #ifdef HAVE_STRING_H
| # if !defined STDC_HEADERS && defined HAVE_MEMORY_H
| #  include <memory.h>
| # endif
| # include <string.h>
| #endif
| #ifdef HAVE_STRINGS_H
| # include <strings.h>
| #endif
| #ifdef HAVE_INTTYPES_H
| # include <inttypes.h>
| #endif
| #ifdef HAVE_STDINT_H
| # include <stdint.h>
| #endif
| #ifdef HAVE_UNISTD_H
| # include <unistd.h>
| #endif
| #include <nsswitch.h>
configure:3707: result: no
configure:3707: checking nsswitch.h presence
configure:3707: gcc -E  conftest.c
conftest.c:26:22: fatal error: nsswitch.h: No such file or directory
 #include <nsswitch.h>
                      ^
compilation terminated.
configure:3707: $? = 1
configure: failed program was:
| /* confdefs.h */
| #define PACKAGE_NAME "getdns_sysmodule"
| #define PACKAGE_TARNAME "getdns_sysmodule"
| #define PACKAGE_VERSION "0.1"
| #define PACKAGE_STRING "getdns_sysmodule 0.1"
| #define PACKAGE_BUGREPORT "stubresolver@getdnsapi.net"
| #define PACKAGE_URL ""
| #define HAVE_LIBGETDNS 1
| #define HAVE_SYS_TYPES_H 1
| #define HAVE_NETINET_IN_H 1
| #define HAVE_ARPA_NAMESER_H 1
| #define HAVE_NETDB_H 1
| #define HAVE_RESOLV_H 1
| #define STDC_HEADERS 1
| #define HAVE_SYS_TYPES_H 1
| #define HAVE_SYS_STAT_H 1
| #define HAVE_STDLIB_H 1
| #define HAVE_STRING_H 1
| #define HAVE_MEMORY_H 1
| #define HAVE_STRINGS_H 1
| #define HAVE_INTTYPES_H 1
| #define HAVE_STDINT_H 1
| #define HAVE_UNISTD_H 1
| #define HAVE_NSS_H 1
| /* end confdefs.h.  */
| #include <nsswitch.h>
configure:3707: result: no
configure:3707: checking for nsswitch.h
configure:3707: result: no
configure:3707: checking arpa/inet.h usability
configure:3707: gcc -c -g -O2  conftest.c >&5
configure:3707: $? = 0
configure:3707: result: yes
configure:3707: checking arpa/inet.h presence
configure:3707: gcc -E  conftest.c
configure:3707: $? = 0
configure:3707: result: yes
configure:3707: checking for arpa/inet.h
configure:3707: result: yes
configure:3707: checking for netdb.h
configure:3707: result: yes
configure:3707: checking for netinet/in.h
configure:3707: result: yes
configure:3707: checking for stdlib.h
configure:3707: result: yes
configure:3707: checking for string.h
configure:3707: result: yes
configure:3707: checking sys/param.h usability
configure:3707: gcc -c -g -O2  conftest.c >&5
configure:3707: $? = 0
configure:3707: result: yes
configure:3707: checking sys/param.h presence
configure:3707: gcc -E  conftest.c
configure:3707: $? = 0
configure:3707: result: yes
configure:3707: checking for sys/param.h
configure:3707: result: yes
configure:3707: checking sys/socket.h usability
configure:3707: gcc -c -g -O2  conftest.c >&5
configure:3707: $? = 0
configure:3707: result: yes
configure:3707: checking sys/socket.h presence
configure:3707: gcc -E  conftest.c
configure:3707: $? = 0
configure:3707: result: yes
configure:3707: checking for sys/socket.h
configure:3707: result: yes
configure:3707: checking syslog.h usability
configure:3707: gcc -c -g -O2  conftest.c >&5
configure:3707: $? = 0
configure:3707: result: yes
configure:3707: checking syslog.h presence
configure:3707: gcc -E  conftest.c
configure:3707: $? = 0
configure:3707: result: yes
configure:3707: checking for syslog.h
configure:3707: result: yes
configure:3719: checking for int32_t
configure:3719: gcc -c -g -O2  conftest.c >&5
configure:3719: $? = 0
configure:3719: gcc -c -g -O2  conftest.c >&5
conftest.c: In function 'main':
conftest.c:72:53: warning: integer overflow in expression [-Woverflow]
    < (int32_t) (((((int32_t) 1 << N) << N) - 1) * 2 + 2))];
                                                     ^
conftest.c:71:12: error: storage size of 'test_array' isn't constant
 static int test_array [1 - 2 * !((int32_t) (((((int32_t) 1 << N) << N) - 1) * 2 + 1)
            ^
configure:3719: $? = 1
configure: failed program was:
| /* confdefs.h */
| #define PACKAGE_NAME "getdns_sysmodule"
| #define PACKAGE_TARNAME "getdns_sysmodule"
| #define PACKAGE_VERSION "0.1"
| #define PACKAGE_STRING "getdns_sysmodule 0.1"
| #define PACKAGE_BUGREPORT "stubresolver@getdnsapi.net"
| #define PACKAGE_URL ""
| #define HAVE_LIBGETDNS 1
| #define HAVE_SYS_TYPES_H 1
| #define HAVE_NETINET_IN_H 1
| #define HAVE_ARPA_NAMESER_H 1
| #define HAVE_NETDB_H 1
| #define HAVE_RESOLV_H 1
| #define STDC_HEADERS 1
| #define HAVE_SYS_TYPES_H 1
| #define HAVE_SYS_STAT_H 1
| #define HAVE_STDLIB_H 1
| #define HAVE_STRING_H 1
| #define HAVE_MEMORY_H 1
| #define HAVE_STRINGS_H 1
| #define HAVE_INTTYPES_H 1
| #define HAVE_STDINT_H 1
| #define HAVE_UNISTD_H 1
| #define HAVE_NSS_H 1
| #define HAVE_ARPA_INET_H 1
| #define HAVE_NETDB_H 1
| #define HAVE_NETINET_IN_H 1
| #define HAVE_STDLIB_H 1
| #define HAVE_STRING_H 1
| #define HAVE_SYS_PARAM_H 1
| #define HAVE_SYS_SOCKET_H 1
| #define HAVE_SYSLOG_H 1
| /* end confdefs.h.  */
| #include <stdio.h>
| #ifdef HAVE_SYS_TYPES_H
| # include <sys/types.h>
| #endif
| #ifdef HAVE_SYS_STAT_H
| # include <sys/stat.h>
| #endif
| #ifdef STDC_HEADERS
| # include <stdlib.h>
| # include <stddef.h>
| #else
| # ifdef HAVE_STDLIB_H
| #  include <stdlib.h>
| # endif
| #endif
| #ifdef HAVE_STRING_H
| # if !defined STDC_HEADERS && defined HAVE_MEMORY_H
| #  include <memory.h>
| # endif
| # include <string.h>
| #endif
| #ifdef HAVE_STRINGS_H
| # include <strings.h>
| #endif
| #ifdef HAVE_INTTYPES_H
| # include <inttypes.h>
| #endif
| #ifdef HAVE_STDINT_H
| # include <stdint.h>
| #endif
| #ifdef HAVE_UNISTD_H
| # include <unistd.h>
| #endif
| 	        enum { N = 32 / 2 - 1 };
| int
| main ()
| {
| static int test_array [1 - 2 * !((int32_t) (((((int32_t) 1 << N) << N) - 1) * 2 + 1)
| 		 < (int32_t) (((((int32_t) 1 << N) << N) - 1) * 2 + 2))];
| test_array [0] = 0;
| return test_array [0];
| 
|   ;
|   return 0;
| }
configure:3719: result: yes
configure:3730: checking for size_t
configure:3730: gcc -c -g -O2  conftest.c >&5
configure:3730: $? = 0
configure:3730: gcc -c -g -O2  conftest.c >&5
conftest.c: In function 'main':
conftest.c:70:21: error: expected expression before ')' token
 if (sizeof ((size_t)))
                     ^
configure:3730: $? = 1
configure: failed program was:
| /* confdefs.h */
| #define PACKAGE_NAME "getdns_sysmodule"
| #define PACKAGE_TARNAME "getdns_sysmodule"
| #define PACKAGE_VERSION "0.1"
| #define PACKAGE_STRING "getdns_sysmodule 0.1"
| #define PACKAGE_BUGREPORT "stubresolver@getdnsapi.net"
| #define PACKAGE_URL ""
| #define HAVE_LIBGETDNS 1
| #define HAVE_SYS_TYPES_H 1
| #define HAVE_NETINET_IN_H 1
| #define HAVE_ARPA_NAMESER_H 1
| #define HAVE_NETDB_H 1
| #define HAVE_RESOLV_H 1
| #define STDC_HEADERS 1
| #define HAVE_SYS_TYPES_H 1
| #define HAVE_SYS_STAT_H 1
| #define HAVE_STDLIB_H 1
| #define HAVE_STRING_H 1
| #define HAVE_MEMORY_H 1
| #define HAVE_STRINGS_H 1
| #define HAVE_INTTYPES_H 1
| #define HAVE_STDINT_H 1
| #define HAVE_UNISTD_H 1
| #define HAVE_NSS_H 1
| #define HAVE_ARPA_INET_H 1
| #define HAVE_NETDB_H 1
| #define HAVE_NETINET_IN_H 1
| #define HAVE_STDLIB_H 1
| #define HAVE_STRING_H 1
| #define HAVE_SYS_PARAM_H 1
| #define HAVE_SYS_SOCKET_H 1
| #define HAVE_SYSLOG_H 1
| /* end confdefs.h.  */
| #include <stdio.h>
| #ifdef HAVE_SYS_TYPES_H
| # include <sys/types.h>
| #endif
| #ifdef HAVE_SYS_STAT_H
| # include <sys/stat.h>
| #endif
| #ifdef STDC_HEADERS
| # include <stdlib.h>
| # include <stddef.h>
| #else
| # ifdef HAVE_STDLIB_H
| #  include <stdlib.h>
| # endif
| #endif
| #ifdef HAVE_STRING_H
| # if !defined STDC_HEADERS && defined HAVE_MEMORY_H
| #  include <memory.h>
| # endif
| # include <string.h>
| #endif
| #ifdef HAVE_STRINGS_H
| # include <strings.h>
| #endif
| #ifdef HAVE_INTTYPES_H
| # include <inttypes.h>
| #endif
| #ifdef HAVE_STDINT_H
| # include <stdint.h>
| #endif
| #ifdef HAVE_UNISTD_H
| # include <unistd.h>
| #endif
| int
| main ()
| {
| if (sizeof ((size_t)))
| 	    return 0;
|   ;
|   return 0;
| }
configure:3730: result: yes
configure:3741: checking for uint16_t
configure:3741: gcc -c -g -O2  conftest.c >&5
configure:3741: $? = 0
configure:3741: result: yes
configure:3753: checking for uint32_t
configure:3753: gcc -c -g -O2  conftest.c >&5
configure:3753: $? = 0
configure:3753: result: yes
configure:3771: checking for working alloca.h
configure:3788: gcc -o conftest -g -O2   conftest.c -lgetdns  >&5
configure:3788: $? = 0
configure:3796: result: yes
configure:3804: checking for alloca
configure:3841: gcc -o conftest -g -O2   conftest.c -lgetdns  >&5
configure:3841: $? = 0
configure:3849: result: yes
configure:3958: checking for memmove
configure:3958: gcc -o conftest -g -O2   conftest.c -lgetdns  >&5
conftest.c:59:6: warning: conflicting types for built-in function 'memmove' [enabled by default]
 char memmove ();
      ^
configure:3958: $? = 0
configure:3958: result: yes
configure:3958: checking for memset
configure:3958: gcc -o conftest -g -O2   conftest.c -lgetdns  >&5
conftest.c:60:6: warning: conflicting types for built-in function 'memset' [enabled by default]
 char memset ();
      ^
configure:3958: $? = 0
configure:3958: result: yes
configure:3958: checking for strchr
configure:3958: gcc -o conftest -g -O2   conftest.c -lgetdns  >&5
conftest.c:61:6: warning: conflicting types for built-in function 'strchr' [enabled by default]
 char strchr ();
      ^
configure:3958: $? = 0
configure:3958: result: yes
configure:3958: checking for strndup
configure:3958: gcc -o conftest -g -O2   conftest.c -lgetdns  >&5
conftest.c:62:6: warning: conflicting types for built-in function 'strndup' [enabled by default]
 char strndup ();
      ^
configure:3958: $? = 0
configure:3958: result: yes
configure:3958: checking for strtol
configure:3958: gcc -o conftest -g -O2   conftest.c -lgetdns  >&5
configure:3958: $? = 0
configure:3958: result: yes
configure:4186: creating ./config.status

## ---------------------- ##
## Running config.status. ##
## ---------------------- ##

This file was extended by getdns_sysmodule config.status 0.1, which was
generated by GNU Autoconf 2.69.  Invocation command line was

  CONFIG_FILES    = 
  CONFIG_HEADERS  = 
  CONFIG_LINKS    = 
  CONFIG_COMMANDS = 
  $ ./config.status 

on gmadkat-OptiPlex-960

config.status:836: creating Makefile
config.status:836: creating test/Makefile
config.status:836: creating config.h

## ---------------- ##
## Cache variables. ##
## ---------------- ##

ac_cv_c_compiler_gnu=yes
ac_cv_c_int32_t=yes
ac_cv_c_uint16_t=yes
ac_cv_c_uint32_t=yes
ac_cv_env_CC_set=
ac_cv_env_CC_value=
ac_cv_env_CFLAGS_set=
ac_cv_env_CFLAGS_value=
ac_cv_env_CPPFLAGS_set=
ac_cv_env_CPPFLAGS_value=
ac_cv_env_CPP_set=
ac_cv_env_CPP_value=
ac_cv_env_LDFLAGS_set=
ac_cv_env_LDFLAGS_value=
ac_cv_env_LIBS_set=
ac_cv_env_LIBS_value=
ac_cv_env_build_alias_set=
ac_cv_env_build_alias_value=
ac_cv_env_host_alias_set=
ac_cv_env_host_alias_value=
ac_cv_env_target_alias_set=
ac_cv_env_target_alias_value=
ac_cv_func_alloca_works=yes
ac_cv_func_memmove=yes
ac_cv_func_memset=yes
ac_cv_func_strchr=yes
ac_cv_func_strndup=yes
ac_cv_func_strtol=yes
ac_cv_header_arpa_inet_h=yes
ac_cv_header_arpa_nameser_h=yes
ac_cv_header_inttypes_h=yes
ac_cv_header_memory_h=yes
ac_cv_header_netdb_h=yes
ac_cv_header_netinet_in_h=yes
ac_cv_header_nss_h=yes
ac_cv_header_nsswitch_h=no
ac_cv_header_resolv_h=yes
ac_cv_header_stdc=yes
ac_cv_header_stdint_h=yes
ac_cv_header_stdlib_h=yes
ac_cv_header_string_h=yes
ac_cv_header_strings_h=yes
ac_cv_header_sys_param_h=yes
ac_cv_header_sys_socket_h=yes
ac_cv_header_sys_stat_h=yes
ac_cv_header_sys_types_h=yes
ac_cv_header_syslog_h=yes
ac_cv_header_unistd_h=yes
ac_cv_lib_getdns_getdns_context_create=yes
ac_cv_objext=o
ac_cv_path_EGREP='/bin/grep -E'
ac_cv_path_GREP=/bin/grep
ac_cv_path_install='/usr/bin/install -c'
ac_cv_prog_CPP='gcc -E'
ac_cv_prog_ac_ct_CC=gcc
ac_cv_prog_cc_c89=
ac_cv_prog_cc_g=yes
ac_cv_type_size_t=yes
ac_cv_working_alloca_h=yes

## ----------------- ##
## Output variables. ##
## ----------------- ##

ALLOCA=''
CC='gcc'
CFLAGS='-g -O2'
CPP='gcc -E'
CPPFLAGS=''
DEFS='-DHAVE_CONFIG_H'
ECHO_C=''
ECHO_N='-n'
ECHO_T=''
EGREP='/bin/grep -E'
EXEEXT=''
GREP='/bin/grep'
INSTALL_DATA='${INSTALL} -m 644'
INSTALL_PROGRAM='${INSTALL}'
INSTALL_SCRIPT='${INSTALL}'
LDFLAGS=''
LIBOBJS=''
LIBS='-lgetdns '
LN_S='ln -s'
LTLIBOBJS=''
OBJEXT='o'
PACKAGE_BUGREPORT='stubresolver@getdnsapi.net'
PACKAGE_NAME='getdns_sysmodule'
PACKAGE_STRING='getdns_sysmodule 0.1'
PACKAGE_TARNAME='getdns_sysmodule'
PACKAGE_URL=''
PACKAGE_VERSION='0.1'
PATH_SEPARATOR=':'
SHELL='/bin/bash'
ac_ct_CC='gcc'
bindir='${exec_prefix}/bin'
build_alias=''
ctx_proxy_impl=''
datadir='${datarootdir}'
datarootdir='${prefix}/share'
dbus_includes=''
dbus_interface_file='net.getdnsapi.StubResolver.xml'
dbus_interfaces_dir='/usr/share/dbus-1/interfaces'
dbus_service_exec_dir='/usr/local/share/getdns_module'
dbus_service_file='net.getdnsapi.StubResolver.service'
dbus_services_dir='/usr/share/dbus-1/services'
docdir='${datarootdir}/doc/${PACKAGE_TARNAME}'
dvidir='${docdir}'
exec_prefix='${prefix}'
host_alias=''
htmldir='${docdir}'
includedir='${prefix}/include'
infodir='${datarootdir}/info'
libdir='${exec_prefix}/lib'
libexecdir='${exec_prefix}/libexec'
localedir='${datarootdir}/locale'
localstatedir='${prefix}/var'
mandir='${datarootdir}/man'
module_name='libnss_getdns.so.2'
oldincludedir='/usr/include'
pdfdir='${docdir}'
prefix='/usr/local'
preload_on_install='no'
program_transform_name='s,x,x,'
psdir='${docdir}'
sbindir='${exec_prefix}/sbin'
sharedstatedir='${prefix}/com'
sysconfdir='${prefix}/etc'
target_alias=''
use_dbus='no'

## ----------- ##
## confdefs.h. ##
## ----------- ##

/* confdefs.h */
#define PACKAGE_NAME "getdns_sysmodule"
#define PACKAGE_TARNAME "getdns_sysmodule"
#define PACKAGE_VERSION "0.1"
#define PACKAGE_STRING "getdns_sysmodule 0.1"
#define PACKAGE_BUGREPORT "stubresolver@getdnsapi.net"
#define PACKAGE_URL ""
#define HAVE_LIBGETDNS 1
#define HAVE_SYS_TYPES_H 1
#define HAVE_NETINET_IN_H 1
#define HAVE_ARPA_NAMESER_H 1
#define HAVE_NETDB_H 1
#define HAVE_RESOLV_H 1
#define STDC_HEADERS 1
#define HAVE_SYS_TYPES_H 1
#define HAVE_SYS_STAT_H 1
#define HAVE_STDLIB_H 1
#define HAVE_STRING_H 1
#define HAVE_MEMORY_H 1
#define HAVE_STRINGS_H 1
#define HAVE_INTTYPES_H 1
#define HAVE_STDINT_H 1
#define HAVE_UNISTD_H 1
#define HAVE_NSS_H 1
#define HAVE_ARPA_INET_H 1
#define HAVE_NETDB_H 1
#define HAVE_NETINET_IN_H 1
#define HAVE_STDLIB_H 1
#define HAVE_STRING_H 1
#define HAVE_SYS_PARAM_H 1
#define HAVE_SYS_SOCKET_H 1
#define HAVE_SYSLOG_H 1
#define HAVE_ALLOCA_H 1
#define HAVE_ALLOCA 1
#define HAVE_MEMMOVE 1
#define HAVE_MEMSET 1
#define HAVE_STRCHR 1
#define HAVE_STRNDUP 1
#define HAVE_STRTOL 1

configure: exit 0
